2025-08-19 13:54:24,627 - __main__ - INFO - Бот в процессе запуска...
2025-08-19 13:54:24,929 - __main__ - INFO - Бот запущен и готов к работе!
2025-08-19 13:54:24,930 - aiogram.dispatcher - INFO - Start polling
2025-08-19 13:54:25,031 - aiogram.dispatcher - INFO - Run polling for bot @BarberSHOP_Alt_Krai_bot id=8403782002 - 'Парихмахерская'
2025-08-19 13:54:35,802 - sqlalchemy.engine.Engine - INFO - select pg_catalog.version()
2025-08-19 13:54:35,802 - sqlalchemy.engine.Engine - INFO - [raw sql] ()
2025-08-19 13:54:35,804 - sqlalchemy.engine.Engine - INFO - select current_schema()
2025-08-19 13:54:35,805 - sqlalchemy.engine.Engine - INFO - [raw sql] ()
2025-08-19 13:54:35,806 - sqlalchemy.engine.Engine - INFO - show standard_conforming_strings
2025-08-19 13:54:35,806 - sqlalchemy.engine.Engine - INFO - [raw sql] ()
2025-08-19 13:54:35,807 - sqlalchemy.engine.Engine - INFO - BEGIN (implicit)
2025-08-19 13:54:35,810 - sqlalchemy.engine.Engine - INFO - SELECT users.telegram_id, users.username, users.language 
FROM users 
WHERE users.telegram_id = $1::BIGINT
2025-08-19 13:54:35,810 - sqlalchemy.engine.Engine - INFO - [generated in 0.00032s] (1041942398,)
2025-08-19 13:54:36,133 - sqlalchemy.engine.Engine - INFO - ROLLBACK
2025-08-19 13:54:36,134 - aiogram.event - INFO - Update id=852494584 is handled. Duration 364 ms by bot id=8403782002
2025-08-19 13:54:38,603 - aiogram.dispatcher - WARNING - Received SIGINT signal
2025-08-19 13:54:38,604 - aiogram.dispatcher - INFO - Polling stopped for bot @BarberSHOP_Alt_Krai_bot id=8403782002 - 'Парихмахерская'
2025-08-19 13:54:38,604 - aiogram.dispatcher - INFO - Polling stopped
2025-08-19 13:54:38,604 - __main__ - INFO - Бот остановлен
